<?xml version="1.0" encoding="UTF-8"?>
<!-- Generated by org.testng.reporters.JUnitXMLReporter -->
<testsuite hostname="Aashish-PC" tests="0" failures="0" timestamp="29 May 2019 05:38:41 GMT" time="0.03" errors="0">
  <testcase name="@BeforeSuite init" time="0.0" classname="DD_Testcases.LoginTest">
    <failure type="java.lang.NoSuchMethodError" message="com.google.common.base.Preconditions.checkState(ZLjava/lang/String;Ljava/lang/Object;)V">
      <![CDATA[java.lang.NoSuchMethodError: com.google.common.base.Preconditions.checkState(ZLjava/lang/String;Ljava/lang/Object;)V
	at org.openqa.selenium.remote.service.DriverService.checkExecutable(DriverService.java:146)
	at org.openqa.selenium.firefox.GeckoDriverService.access$000(GeckoDriverService.java:44)
	at org.openqa.selenium.firefox.GeckoDriverService$Builder.usingFirefoxBinary(GeckoDriverService.java:160)
	at org.openqa.selenium.firefox.FirefoxDriver.toExecutor(FirefoxDriver.java:187)
	at org.openqa.selenium.firefox.FirefoxDriver.<init>(FirefoxDriver.java:147)
	at org.openqa.selenium.firefox.FirefoxDriver.<init>(FirefoxDriver.java:125)
	at DD_Core.TestCore.init(TestCore.java:51)
... Removed 18 stack frames]]>
    </failure>
  </testcase> <!-- @BeforeSuite init -->
</testsuite>
