<?xml version="1.0" encoding="UTF-8"?>
<testng-results skipped="0" failed="0" total="0" passed="0">
  <reporter-output>
  </reporter-output>
  <suite name="DATA DRIVEN FRAMEWORK FOR FACEBOOK" duration-ms="30" started-at="2019-05-29T05:38:41Z" finished-at="2019-05-29T05:38:41Z">
    <groups>
    </groups>
    <test name="Login test 1" duration-ms="30" started-at="2019-05-29T05:38:41Z" finished-at="2019-05-29T05:38:41Z">
      <class name="DD_Testcases.LoginTest">
        <test-method status="FAIL" signature="init()[pri:0, instance:DD_Testcases.LoginTest@7dc36524]" name="init" is-config="true" duration-ms="0" started-at="2019-05-29T11:08:36Z" finished-at="2019-05-29T11:08:36Z">
          <exception class="java.lang.NoSuchMethodError">
            <message>
              <![CDATA[com.google.common.base.Preconditions.checkState(ZLjava/lang/String;Ljava/lang/Object;)V]]>
            </message>
            <full-stacktrace>
              <![CDATA[java.lang.NoSuchMethodError: com.google.common.base.Preconditions.checkState(ZLjava/lang/String;Ljava/lang/Object;)V
	at org.openqa.selenium.remote.service.DriverService.checkExecutable(DriverService.java:146)
	at org.openqa.selenium.firefox.GeckoDriverService.access$000(GeckoDriverService.java:44)
	at org.openqa.selenium.firefox.GeckoDriverService$Builder.usingFirefoxBinary(GeckoDriverService.java:160)
	at org.openqa.selenium.firefox.FirefoxDriver.toExecutor(FirefoxDriver.java:187)
	at org.openqa.selenium.firefox.FirefoxDriver.<init>(FirefoxDriver.java:147)
	at org.openqa.selenium.firefox.FirefoxDriver.<init>(FirefoxDriver.java:125)
	at DD_Core.TestCore.init(TestCore.java:51)
	at sun.reflect.NativeMethodAccessorImpl.invoke0(Native Method)
	at sun.reflect.NativeMethodAccessorImpl.invoke(Unknown Source)
	at sun.reflect.DelegatingMethodAccessorImpl.invoke(Unknown Source)
	at java.lang.reflect.Method.invoke(Unknown Source)
	at org.testng.internal.MethodInvocationHelper.invokeMethod(MethodInvocationHelper.java:86)
	at org.testng.internal.Invoker.invokeConfigurationMethod(Invoker.java:514)
	at org.testng.internal.Invoker.invokeConfigurations(Invoker.java:215)
	at org.testng.internal.Invoker.invokeConfigurations(Invoker.java:142)
	at org.testng.SuiteRunner.privateRun(SuiteRunner.java:305)
	at org.testng.SuiteRunner.run(SuiteRunner.java:268)
	at org.testng.SuiteRunnerWorker.runSuite(SuiteRunnerWorker.java:52)
	at org.testng.SuiteRunnerWorker.run(SuiteRunnerWorker.java:86)
	at org.testng.TestNG.runSuitesSequentially(TestNG.java:1244)
	at org.testng.TestNG.runSuitesLocally(TestNG.java:1169)
	at org.testng.TestNG.run(TestNG.java:1064)
	at org.testng.remote.RemoteTestNG.run(RemoteTestNG.java:113)
	at org.testng.remote.RemoteTestNG.initAndRun(RemoteTestNG.java:206)
	at org.testng.remote.RemoteTestNG.main(RemoteTestNG.java:177)
]]>
            </full-stacktrace>
          </exception> <!-- java.lang.NoSuchMethodError -->
          <reporter-output>
          </reporter-output>
        </test-method> <!-- init -->
        <test-method status="SKIP" signature="stop()[pri:0, instance:DD_Testcases.LoginTest@7dc36524]" name="stop" is-config="true" duration-ms="0" started-at="2019-05-29T11:08:41Z" finished-at="2019-05-29T11:08:41Z">
          <reporter-output>
          </reporter-output>
        </test-method> <!-- stop -->
      </class> <!-- DD_Testcases.LoginTest -->
    </test> <!-- Login test 1 -->
  </suite> <!-- DATA DRIVEN FRAMEWORK FOR FACEBOOK -->
</testng-results>
